02-27 13:24:56 com_github_MitjaNemec_ReplicateLayout.action_replicate_layout 392:Plugin executed on: 'darwin'
02-27 13:24:56 com_github_MitjaNemec_ReplicateLayout.action_replicate_layout 393:Plugin executed with python version: '3.9.13 (v3.9.13:6de2ca5339, May 17 2022, 11:37:23) \n[Clang 13.0.0 (clang-1300.0.29.30)]'
02-27 13:24:56 com_github_MitjaNemec_ReplicateLayout.action_replicate_layout 394:KiCad build version: 7.0.7
02-27 13:24:56 com_github_MitjaNemec_ReplicateLayout.action_replicate_layout 395:Plugin version: 2.1.3
02-27 13:24:56 com_github_MitjaNemec_ReplicateLayout.action_replicate_layout 396:Frame repr: <wx._core.Frame object at 0x118a4a550>
02-27 13:24:56 com_github_MitjaNemec_ReplicateLayout.action_replicate_layout 420:Preparing replicator with Q3 as a reference
02-27 13:24:56 com_github_MitjaNemec_ReplicateLayout.replicate_layout 117:getting a list of all footprints on board
02-27 13:24:56 com_github_MitjaNemec_ReplicateLayout.action_replicate_layout 468:source anchor footprint is 'Q3'
Located on: ['Laser Interface Sheet']
With filenames: ['untitled.kicad_sch']
With sheet_id:['Laser Interface Sheet']
02-27 13:24:56 com_github_MitjaNemec_ReplicateLayout.action_replicate_layout 475:Corresponding footprints are 
[('Q7', ['Laser Interface Sheet2']), ('Q9', ['Laser Interface Sheet3']), ('Q3', ['Laser Interface Sheet']), ('Q5', ['Laser Interface Sheet1'])]
02-27 13:24:56 com_github_MitjaNemec_ReplicateLayout.action_replicate_layout 487:Showing dialog
02-27 13:24:56 com_github_MitjaNemec_ReplicateLayout.replicate_layout 424:constructing a list of sheets suitable for replication on level:'Laser Interface Sheet', file:'untitled.kicad_sch'
02-27 13:24:56 com_github_MitjaNemec_ReplicateLayout.replicate_layout 461:suitable sheets are:[['Laser Interface Sheet1'], ['Laser Interface Sheet2'], ['Laser Interface Sheet3']]
02-27 13:24:56 com_github_MitjaNemec_ReplicateLayout.replicate_layout 1464:Level selected: ['Laser Interface Sheet']
02-27 13:24:56 com_github_MitjaNemec_ReplicateLayout.replicate_layout 1299:Filtering list of tracks
02-27 13:24:56 com_github_MitjaNemec_ReplicateLayout.action_replicate_layout 493:Toolbar position: wx.Point(1661, 121)
02-27 13:24:56 com_github_MitjaNemec_ReplicateLayout.action_replicate_layout 498:Dialog position: wx.Point(1222, 121)
02-27 13:25:03 com_github_MitjaNemec_ReplicateLayout.replicate_layout 424:constructing a list of sheets suitable for replication on level:'Laser Interface Sheet', file:'untitled.kicad_sch'
02-27 13:25:03 com_github_MitjaNemec_ReplicateLayout.replicate_layout 461:suitable sheets are:[['Laser Interface Sheet1'], ['Laser Interface Sheet2'], ['Laser Interface Sheet3']]
02-27 13:25:03 com_github_MitjaNemec_ReplicateLayout.action_replicate_layout 240:Replicating layout
02-27 13:25:03 com_github_MitjaNemec_ReplicateLayout.replicate_layout 240:Starting replication of sheets: [['Laser Interface Sheet1'], ['Laser Interface Sheet2'], ['Laser Interface Sheet3']]
on level: ['Laser Interface Sheet']
with tracks=True, zone=True, text=True, text=True, intersecting=False, remove=True, locked footprints=False, group_only=False
02-27 13:25:03 root 332:updating GUI message: 'Preparing for replication'
02-27 13:25:03 root 337:updating GUI with: 0
02-27 13:25:03 com_github_MitjaNemec_ReplicateLayout.replicate_layout 310:Getting the list of source footprints
02-27 13:25:03 root 337:updating GUI with: 0
02-27 13:25:03 com_github_MitjaNemec_ReplicateLayout.replicate_layout 320:Getting the list of all the remaining footprints
02-27 13:25:03 com_github_MitjaNemec_ReplicateLayout.replicate_layout 327:Getting source tracks
02-27 13:25:03 com_github_MitjaNemec_ReplicateLayout.replicate_layout 1299:Filtering list of tracks
02-27 13:25:03 com_github_MitjaNemec_ReplicateLayout.replicate_layout 331:Getting source zones
02-27 13:25:03 com_github_MitjaNemec_ReplicateLayout.replicate_layout 335:Getting source text items
02-27 13:25:03 root 337:updating GUI with: 66
02-27 13:25:03 com_github_MitjaNemec_ReplicateLayout.replicate_layout 339:Getting source drawing items
02-27 13:25:03 com_github_MitjaNemec_ReplicateLayout.replicate_layout 272:Removing tracks and zones, before footprint placement
02-27 13:25:03 root 332:updating GUI message: 'Removing zones and tracks'
02-27 13:25:03 com_github_MitjaNemec_ReplicateLayout.replicate_layout 1245:Remove bounding box top:114753202, bottom:142565560, Left:105062266, Right:120547266
02-27 13:25:03 root 337:updating GUI with: 33
02-27 13:25:03 com_github_MitjaNemec_ReplicateLayout.replicate_layout 1245:Remove bounding box top:83595460, bottom:111407818, Left:127107262, Right:142592262
02-27 13:25:03 root 337:updating GUI with: 66
02-27 13:25:03 com_github_MitjaNemec_ReplicateLayout.replicate_layout 1245:Remove bounding box top:114753202, bottom:142565560, Left:127107262, Right:142592262
02-27 13:25:03 root 332:updating GUI message: 'Replicating footprints'
02-27 13:25:03 root 337:updating GUI with: 0
02-27 13:25:03 com_github_MitjaNemec_ReplicateLayout.replicate_layout 806:Replicating footprints
02-27 13:25:03 root 337:updating GUI with: 0
02-27 13:25:03 com_github_MitjaNemec_ReplicateLayout.replicate_layout 813:Replicating footprints on sheet ['Laser Interface Sheet1']
02-27 13:25:03 com_github_MitjaNemec_ReplicateLayout.replicate_layout 813:Replicating footprints on sheet ['Laser Interface Sheet2']
02-27 13:25:03 root 337:updating GUI with: 57
02-27 13:25:03 com_github_MitjaNemec_ReplicateLayout.replicate_layout 813:Replicating footprints on sheet ['Laser Interface Sheet3']
02-27 13:25:03 root 337:updating GUI with: 98
02-27 13:25:03 com_github_MitjaNemec_ReplicateLayout.replicate_layout 280:Removing tracks and zones, after footprint placement
02-27 13:25:03 root 332:updating GUI message: 'Removing zones and tracks'
02-27 13:25:03 com_github_MitjaNemec_ReplicateLayout.replicate_layout 1245:Remove bounding box top:114753202, bottom:142565560, Left:105062266, Right:120547266
02-27 13:25:03 root 337:updating GUI with: 33
02-27 13:25:03 com_github_MitjaNemec_ReplicateLayout.replicate_layout 1245:Remove bounding box top:83595460, bottom:111407818, Left:127107262, Right:142592262
02-27 13:25:03 com_github_MitjaNemec_ReplicateLayout.replicate_layout 1245:Remove bounding box top:114753202, bottom:142565560, Left:127107262, Right:142592262
02-27 13:25:03 root 332:updating GUI message: 'Replicating tracks'
02-27 13:25:03 root 337:updating GUI with: 0
02-27 13:25:03 com_github_MitjaNemec_ReplicateLayout.replicate_layout 977:Replicating tracks
02-27 13:25:03 com_github_MitjaNemec_ReplicateLayout.replicate_layout 983:Replicating tracks on sheet ['Laser Interface Sheet1']
02-27 13:25:03 com_github_MitjaNemec_ReplicateLayout.replicate_layout 766:Net pairs for sheet ['Laser Interface Sheet1'] :[('Laser Monitor', 'Laser Monitor'), ('Net-(D7-A)', 'Net-(D10-A)'), ('Net-(Q2-G)', 'Net-(Q4-G)'), ('Net-(Q3-S)', 'Net-(Q5-S)'), ('Net-(Q2-S)', 'Net-(Q4-S)'), ('/LaserControl1', '/LaserControl2'), ('/TECPow1-', '/TECPow2-'), ('TEC Monitor', 'TEC Monitor'), ('GNDPWR', 'GNDPWR'), ('GNDA', 'GNDA'), ('/LaserPow1-', '/LaserPow2-'), ('unconnected-(U2-SW{slash}NC-Pad8)', 'unconnected-(U3-SW{slash}NC-Pad8)'), ('Net-(D8-K)', 'Net-(D11-K)'), ('+12V', '+12V'), ('/TECControl1', '/TECControl2'), ('/LaserPow1+', '/LaserPow2+'), ('Net-(D6-A)', 'Net-(D9-A)'), ('unconnected-(VR1-CW-Pad3)', 'unconnected-(VR2-CW-Pad3)'), ('Net-(U2-FB{slash}VSET)', 'Net-(U3-FB{slash}VSET)'), ('Net-(U2-SS{slash}TR)', 'Net-(U3-SS{slash}TR)'), ('Net-(Q3-G)', 'Net-(Q5-G)'), ('Net-(D8-A)', 'Net-(D11-A)'), ('Net-(VR1-WIPER)', 'Net-(VR2-WIPER)')]
02-27 13:25:03 root 337:updating GUI with: 28
02-27 13:25:03 com_github_MitjaNemec_ReplicateLayout.replicate_layout 983:Replicating tracks on sheet ['Laser Interface Sheet2']
02-27 13:25:03 com_github_MitjaNemec_ReplicateLayout.replicate_layout 766:Net pairs for sheet ['Laser Interface Sheet2'] :[('Laser Monitor', 'Laser Monitor'), ('/TECPow1-', '/TECPow3-'), ('/LaserPow1-', '/LaserPow3-'), ('Net-(Q2-S)', 'Net-(Q6-S)'), ('Net-(D7-A)', 'Net-(D13-A)'), ('/LaserControl1', '/LaserControl3'), ('Net-(Q3-G)', 'Net-(Q7-G)'), ('Net-(Q2-G)', 'Net-(Q6-G)'), ('Net-(U2-FB{slash}VSET)', 'Net-(U4-FB{slash}VSET)'), ('TEC Monitor', 'TEC Monitor'), ('Net-(Q3-S)', 'Net-(Q7-S)'), ('GNDPWR', 'GNDPWR'), ('/TECControl1', '/TECControl3'), ('GNDA', 'GNDA'), ('+12V', '+12V'), ('Net-(U2-SS{slash}TR)', 'Net-(U4-SS{slash}TR)'), ('Net-(VR1-WIPER)', 'Net-(VR3-WIPER)'), ('unconnected-(U2-SW{slash}NC-Pad8)', 'unconnected-(U4-SW{slash}NC-Pad8)'), ('/LaserPow1+', '/LaserPow3+'), ('Net-(D6-A)', 'Net-(D12-A)'), ('Net-(D8-K)', 'Net-(D14-K)'), ('Net-(D8-A)', 'Net-(D14-A)'), ('unconnected-(VR1-CW-Pad3)', 'unconnected-(VR3-CW-Pad3)')]
02-27 13:25:03 com_github_MitjaNemec_ReplicateLayout.replicate_layout 983:Replicating tracks on sheet ['Laser Interface Sheet3']
02-27 13:25:03 com_github_MitjaNemec_ReplicateLayout.replicate_layout 766:Net pairs for sheet ['Laser Interface Sheet3'] :[('Net-(VR1-WIPER)', 'Net-(VR4-WIPER)'), ('Laser Monitor', 'Laser Monitor'), ('Net-(U2-FB{slash}VSET)', 'Net-(U5-FB{slash}VSET)'), ('Net-(Q2-S)', 'Net-(Q8-S)'), ('/LaserPow1+', '/LaserPow4+'), ('Net-(D7-A)', 'Net-(D16-A)'), ('Net-(D8-A)', 'Net-(D17-A)'), ('Net-(Q2-G)', 'Net-(Q8-G)'), ('Net-(Q3-S)', 'Net-(Q9-S)'), ('/LaserControl1', '/LaserControl4'), ('Net-(Q3-G)', 'Net-(Q9-G)'), ('unconnected-(U2-SW{slash}NC-Pad8)', 'unconnected-(U5-SW{slash}NC-Pad8)'), ('/LaserPow1-', '/LaserPow4-'), ('TEC Monitor', 'TEC Monitor'), ('/TECPow1-', '/TECPow4-'), ('Net-(D8-K)', 'Net-(D17-K)'), ('unconnected-(VR1-CW-Pad3)', 'unconnected-(VR4-CW-Pad3)'), ('GNDPWR', 'GNDPWR'), ('GNDA', 'GNDA'), ('+12V', '+12V'), ('Net-(U2-SS{slash}TR)', 'Net-(U5-SS{slash}TR)'), ('Net-(D6-A)', 'Net-(D15-A)'), ('/TECControl1', '/TECControl4')]
02-27 13:25:03 root 337:updating GUI with: 66
02-27 13:25:04 root 332:updating GUI message: 'Replicating zones'
02-27 13:25:04 com_github_MitjaNemec_ReplicateLayout.replicate_layout 1047:Replicating zones
02-27 13:25:04 com_github_MitjaNemec_ReplicateLayout.replicate_layout 1054:Replicating zones on sheet ['Laser Interface Sheet1']
02-27 13:25:04 com_github_MitjaNemec_ReplicateLayout.replicate_layout 766:Net pairs for sheet ['Laser Interface Sheet1'] :[('Laser Monitor', 'Laser Monitor'), ('Net-(D7-A)', 'Net-(D10-A)'), ('Net-(Q2-G)', 'Net-(Q4-G)'), ('Net-(Q3-S)', 'Net-(Q5-S)'), ('Net-(Q2-S)', 'Net-(Q4-S)'), ('/LaserControl1', '/LaserControl2'), ('/TECPow1-', '/TECPow2-'), ('TEC Monitor', 'TEC Monitor'), ('GNDPWR', 'GNDPWR'), ('GNDA', 'GNDA'), ('/LaserPow1-', '/LaserPow2-'), ('unconnected-(U2-SW{slash}NC-Pad8)', 'unconnected-(U3-SW{slash}NC-Pad8)'), ('Net-(D8-K)', 'Net-(D11-K)'), ('+12V', '+12V'), ('/TECControl1', '/TECControl2'), ('/LaserPow1+', '/LaserPow2+'), ('Net-(D6-A)', 'Net-(D9-A)'), ('unconnected-(VR1-CW-Pad3)', 'unconnected-(VR2-CW-Pad3)'), ('Net-(U2-FB{slash}VSET)', 'Net-(U3-FB{slash}VSET)'), ('Net-(U2-SS{slash}TR)', 'Net-(U3-SS{slash}TR)'), ('Net-(Q3-G)', 'Net-(Q5-G)'), ('Net-(D8-A)', 'Net-(D11-A)'), ('Net-(VR1-WIPER)', 'Net-(VR2-WIPER)')]
02-27 13:25:04 root 337:updating GUI with: 4
02-27 13:25:04 com_github_MitjaNemec_ReplicateLayout.replicate_layout 1054:Replicating zones on sheet ['Laser Interface Sheet2']
02-27 13:25:04 com_github_MitjaNemec_ReplicateLayout.replicate_layout 766:Net pairs for sheet ['Laser Interface Sheet2'] :[('Laser Monitor', 'Laser Monitor'), ('/TECPow1-', '/TECPow3-'), ('/LaserPow1-', '/LaserPow3-'), ('Net-(Q2-S)', 'Net-(Q6-S)'), ('Net-(D7-A)', 'Net-(D13-A)'), ('/LaserControl1', '/LaserControl3'), ('Net-(Q3-G)', 'Net-(Q7-G)'), ('Net-(Q2-G)', 'Net-(Q6-G)'), ('Net-(U2-FB{slash}VSET)', 'Net-(U4-FB{slash}VSET)'), ('TEC Monitor', 'TEC Monitor'), ('Net-(Q3-S)', 'Net-(Q7-S)'), ('GNDPWR', 'GNDPWR'), ('/TECControl1', '/TECControl3'), ('GNDA', 'GNDA'), ('+12V', '+12V'), ('Net-(U2-SS{slash}TR)', 'Net-(U4-SS{slash}TR)'), ('Net-(VR1-WIPER)', 'Net-(VR3-WIPER)'), ('unconnected-(U2-SW{slash}NC-Pad8)', 'unconnected-(U4-SW{slash}NC-Pad8)'), ('/LaserPow1+', '/LaserPow3+'), ('Net-(D6-A)', 'Net-(D12-A)'), ('Net-(D8-K)', 'Net-(D14-K)'), ('Net-(D8-A)', 'Net-(D14-A)'), ('unconnected-(VR1-CW-Pad3)', 'unconnected-(VR3-CW-Pad3)')]
02-27 13:25:04 com_github_MitjaNemec_ReplicateLayout.replicate_layout 1054:Replicating zones on sheet ['Laser Interface Sheet3']
02-27 13:25:04 com_github_MitjaNemec_ReplicateLayout.replicate_layout 766:Net pairs for sheet ['Laser Interface Sheet3'] :[('Net-(VR1-WIPER)', 'Net-(VR4-WIPER)'), ('Laser Monitor', 'Laser Monitor'), ('Net-(U2-FB{slash}VSET)', 'Net-(U5-FB{slash}VSET)'), ('Net-(Q2-S)', 'Net-(Q8-S)'), ('/LaserPow1+', '/LaserPow4+'), ('Net-(D7-A)', 'Net-(D16-A)'), ('Net-(D8-A)', 'Net-(D17-A)'), ('Net-(Q2-G)', 'Net-(Q8-G)'), ('Net-(Q3-S)', 'Net-(Q9-S)'), ('/LaserControl1', '/LaserControl4'), ('Net-(Q3-G)', 'Net-(Q9-G)'), ('unconnected-(U2-SW{slash}NC-Pad8)', 'unconnected-(U5-SW{slash}NC-Pad8)'), ('/LaserPow1-', '/LaserPow4-'), ('TEC Monitor', 'TEC Monitor'), ('/TECPow1-', '/TECPow4-'), ('Net-(D8-K)', 'Net-(D17-K)'), ('unconnected-(VR1-CW-Pad3)', 'unconnected-(VR4-CW-Pad3)'), ('GNDPWR', 'GNDPWR'), ('GNDA', 'GNDA'), ('+12V', '+12V'), ('Net-(U2-SS{slash}TR)', 'Net-(U5-SS{slash}TR)'), ('Net-(D6-A)', 'Net-(D15-A)'), ('/TECControl1', '/TECControl4')]
02-27 13:25:04 root 332:updating GUI message: 'Replicating text'
02-27 13:25:04 com_github_MitjaNemec_ReplicateLayout.replicate_layout 1136:Replicating text
02-27 13:25:04 root 337:updating GUI with: 0
02-27 13:25:04 com_github_MitjaNemec_ReplicateLayout.replicate_layout 1143:Replicating text on sheet ['Laser Interface Sheet1']
02-27 13:25:04 com_github_MitjaNemec_ReplicateLayout.replicate_layout 1143:Replicating text on sheet ['Laser Interface Sheet2']
02-27 13:25:04 com_github_MitjaNemec_ReplicateLayout.replicate_layout 1143:Replicating text on sheet ['Laser Interface Sheet3']
02-27 13:25:04 root 332:updating GUI message: 'Replicating drawings'
02-27 13:25:04 com_github_MitjaNemec_ReplicateLayout.replicate_layout 1187:Replicating drawings
02-27 13:25:04 com_github_MitjaNemec_ReplicateLayout.replicate_layout 1193:Replicating drawings on sheet ['Laser Interface Sheet1']
02-27 13:25:04 com_github_MitjaNemec_ReplicateLayout.replicate_layout 1193:Replicating drawings on sheet ['Laser Interface Sheet2']
02-27 13:25:04 com_github_MitjaNemec_ReplicateLayout.replicate_layout 1193:Replicating drawings on sheet ['Laser Interface Sheet3']
02-27 13:25:04 com_github_MitjaNemec_ReplicateLayout.action_replicate_layout 256:Replication complete
