03-21 16:58:36 com_github_MitjaNemec_ReplicateLayout.action_replicate_layout 392:Plugin executed on: 'darwin'
03-21 16:58:36 com_github_MitjaNemec_ReplicateLayout.action_replicate_layout 393:Plugin executed with python version: '3.9.13 (v3.9.13:6de2ca5339, May 17 2022, 11:37:23) \n[Clang 13.0.0 (clang-1300.0.29.30)]'
03-21 16:58:36 com_github_MitjaNemec_ReplicateLayout.action_replicate_layout 394:KiCad build version: 7.0.7
03-21 16:58:36 com_github_MitjaNemec_ReplicateLayout.action_replicate_layout 395:Plugin version: 2.1.3
03-21 16:58:36 com_github_MitjaNemec_ReplicateLayout.action_replicate_layout 396:Frame repr: <wx._core.Frame object at 0x10a62cd30>
03-21 16:58:36 com_github_MitjaNemec_ReplicateLayout.action_replicate_layout 420:Preparing replicator with D201 as a reference
03-21 16:58:36 com_github_MitjaNemec_ReplicateLayout.replicate_layout 117:getting a list of all footprints on board
03-21 16:58:36 com_github_MitjaNemec_ReplicateLayout.action_replicate_layout 468:source anchor footprint is 'D201'
Located on: ['Laser Interface Sheet1']
With filenames: ['untitled.kicad_sch']
With sheet_id:['Laser Interface Sheet1']
03-21 16:58:36 com_github_MitjaNemec_ReplicateLayout.action_replicate_layout 475:Corresponding footprints are 
[('D501', ['Laser Interface Sheet']), ('D401', ['Laser Interface Sheet3']), ('D301', ['Laser Interface Sheet2']), ('D201', ['Laser Interface Sheet1'])]
03-21 16:58:36 com_github_MitjaNemec_ReplicateLayout.action_replicate_layout 487:Showing dialog
03-21 16:58:36 com_github_MitjaNemec_ReplicateLayout.replicate_layout 424:constructing a list of sheets suitable for replication on level:'Laser Interface Sheet1', file:'untitled.kicad_sch'
03-21 16:58:36 com_github_MitjaNemec_ReplicateLayout.replicate_layout 461:suitable sheets are:[['Laser Interface Sheet'], ['Laser Interface Sheet2'], ['Laser Interface Sheet3']]
03-21 16:58:36 com_github_MitjaNemec_ReplicateLayout.replicate_layout 1464:Level selected: ['Laser Interface Sheet1']
03-21 16:58:36 com_github_MitjaNemec_ReplicateLayout.replicate_layout 1299:Filtering list of tracks
03-21 16:58:36 com_github_MitjaNemec_ReplicateLayout.action_replicate_layout 493:Toolbar position: wx.Point(3262, 178)
03-21 16:58:36 com_github_MitjaNemec_ReplicateLayout.action_replicate_layout 498:Dialog position: wx.Point(2823, 178)
03-21 16:58:43 com_github_MitjaNemec_ReplicateLayout.replicate_layout 424:constructing a list of sheets suitable for replication on level:'Laser Interface Sheet1', file:'untitled.kicad_sch'
03-21 16:58:43 com_github_MitjaNemec_ReplicateLayout.replicate_layout 461:suitable sheets are:[['Laser Interface Sheet'], ['Laser Interface Sheet2'], ['Laser Interface Sheet3']]
03-21 16:58:43 com_github_MitjaNemec_ReplicateLayout.replicate_layout 1464:Level selected: ['Laser Interface Sheet1']
03-21 16:58:43 com_github_MitjaNemec_ReplicateLayout.replicate_layout 1299:Filtering list of tracks
03-21 16:58:44 com_github_MitjaNemec_ReplicateLayout.replicate_layout 424:constructing a list of sheets suitable for replication on level:'Laser Interface Sheet1', file:'untitled.kicad_sch'
03-21 16:58:44 com_github_MitjaNemec_ReplicateLayout.replicate_layout 461:suitable sheets are:[['Laser Interface Sheet'], ['Laser Interface Sheet2'], ['Laser Interface Sheet3']]
03-21 16:58:44 com_github_MitjaNemec_ReplicateLayout.replicate_layout 1464:Level selected: ['Laser Interface Sheet1']
03-21 16:58:44 com_github_MitjaNemec_ReplicateLayout.replicate_layout 1299:Filtering list of tracks
03-21 16:58:51 com_github_MitjaNemec_ReplicateLayout.replicate_layout 424:constructing a list of sheets suitable for replication on level:'Laser Interface Sheet1', file:'untitled.kicad_sch'
03-21 16:58:51 com_github_MitjaNemec_ReplicateLayout.replicate_layout 461:suitable sheets are:[['Laser Interface Sheet'], ['Laser Interface Sheet2'], ['Laser Interface Sheet3']]
03-21 16:58:51 com_github_MitjaNemec_ReplicateLayout.action_replicate_layout 240:Replicating layout
03-21 16:58:51 com_github_MitjaNemec_ReplicateLayout.replicate_layout 240:Starting replication of sheets: [['Laser Interface Sheet'], ['Laser Interface Sheet2'], ['Laser Interface Sheet3']]
on level: ['Laser Interface Sheet1']
with tracks=True, zone=False, text=True, text=False, intersecting=False, remove=True, locked footprints=False, group_only=False
03-21 16:58:51 root 332:updating GUI message: 'Preparing for replication'
03-21 16:58:51 root 337:updating GUI with: 0
03-21 16:58:51 com_github_MitjaNemec_ReplicateLayout.replicate_layout 310:Getting the list of source footprints
03-21 16:58:51 root 337:updating GUI with: 0
03-21 16:58:51 com_github_MitjaNemec_ReplicateLayout.replicate_layout 320:Getting the list of all the remaining footprints
03-21 16:58:51 com_github_MitjaNemec_ReplicateLayout.replicate_layout 327:Getting source tracks
03-21 16:58:51 com_github_MitjaNemec_ReplicateLayout.replicate_layout 1299:Filtering list of tracks
03-21 16:58:51 com_github_MitjaNemec_ReplicateLayout.replicate_layout 331:Getting source zones
03-21 16:58:51 root 337:updating GUI with: 50
03-21 16:58:51 com_github_MitjaNemec_ReplicateLayout.replicate_layout 335:Getting source text items
03-21 16:58:51 com_github_MitjaNemec_ReplicateLayout.replicate_layout 339:Getting source drawing items
03-21 16:58:51 com_github_MitjaNemec_ReplicateLayout.replicate_layout 272:Removing tracks and zones, before footprint placement
03-21 16:58:51 root 332:updating GUI message: 'Removing zones and tracks'
03-21 16:58:51 root 337:updating GUI with: 0
03-21 16:58:51 com_github_MitjaNemec_ReplicateLayout.replicate_layout 1245:Remove bounding box top:47420000, bottom:69945000, Left:-180545000, Right:-156589998
03-21 16:58:51 root 337:updating GUI with: 33
03-21 16:58:51 com_github_MitjaNemec_ReplicateLayout.replicate_layout 1245:Remove bounding box top:47559874, bottom:70084874, Left:-135555000, Right:-111599998
03-21 16:58:51 root 337:updating GUI with: 66
03-21 16:58:51 com_github_MitjaNemec_ReplicateLayout.replicate_layout 1245:Remove bounding box top:87747600, bottom:110272600, Left:-144024999, Right:-120069997
03-21 16:58:51 root 332:updating GUI message: 'Replicating footprints'
03-21 16:58:51 root 337:updating GUI with: 0
03-21 16:58:51 com_github_MitjaNemec_ReplicateLayout.replicate_layout 806:Replicating footprints
03-21 16:58:51 com_github_MitjaNemec_ReplicateLayout.replicate_layout 813:Replicating footprints on sheet ['Laser Interface Sheet']
03-21 16:58:51 root 337:updating GUI with: 3
03-21 16:58:51 root 337:updating GUI with: 15
03-21 16:58:51 root 337:updating GUI with: 30
03-21 16:58:51 com_github_MitjaNemec_ReplicateLayout.replicate_layout 813:Replicating footprints on sheet ['Laser Interface Sheet2']
03-21 16:58:51 root 337:updating GUI with: 55
03-21 16:58:51 com_github_MitjaNemec_ReplicateLayout.replicate_layout 813:Replicating footprints on sheet ['Laser Interface Sheet3']
03-21 16:58:51 root 337:updating GUI with: 75
03-21 16:58:51 root 337:updating GUI with: 88
03-21 16:58:51 com_github_MitjaNemec_ReplicateLayout.replicate_layout 280:Removing tracks and zones, after footprint placement
03-21 16:58:51 root 332:updating GUI message: 'Removing zones and tracks'
03-21 16:58:51 root 337:updating GUI with: 0
03-21 16:58:51 com_github_MitjaNemec_ReplicateLayout.replicate_layout 1245:Remove bounding box top:48225000, bottom:70035000, Left:-180583000, Right:-162398000
03-21 16:58:51 root 337:updating GUI with: 33
03-21 16:58:51 com_github_MitjaNemec_ReplicateLayout.replicate_layout 1245:Remove bounding box top:48364874, bottom:70174874, Left:-135593000, Right:-117408000
03-21 16:58:51 root 337:updating GUI with: 66
03-21 16:58:51 com_github_MitjaNemec_ReplicateLayout.replicate_layout 1245:Remove bounding box top:88552600, bottom:110362600, Left:-144062999, Right:-125877999
03-21 16:58:51 root 332:updating GUI message: 'Replicating tracks'
03-21 16:58:51 root 337:updating GUI with: 0
03-21 16:58:51 com_github_MitjaNemec_ReplicateLayout.replicate_layout 977:Replicating tracks
03-21 16:58:51 com_github_MitjaNemec_ReplicateLayout.replicate_layout 983:Replicating tracks on sheet ['Laser Interface Sheet']
03-21 16:58:51 com_github_MitjaNemec_ReplicateLayout.replicate_layout 766:Net pairs for sheet ['Laser Interface Sheet'] :[('/TECPow2-', '/TECPow1-'), ('GNDA', 'GNDA'), ('/LaserControl2', '/LaserControl1'), ('/LaserPow2+', '/LaserPow1+'), ('Net-(D203-A)', 'Net-(D503-A)'), ('Net-(D202-A)', 'Net-(D502-A)'), ('Net-(Q202-G)', 'Net-(Q502-G)'), ('/LaserPow2-', '/LaserPow1-'), ('Net-(D201-K)', 'Net-(D501-K)'), ('Net-(D201-A)', 'Net-(D501-A)'), ('Net-(U201-SS{slash}TR)', 'Net-(U501-SS{slash}TR)'), ('unconnected-(U201-SW{slash}NC-Pad8)', 'unconnected-(U501-SW{slash}NC-Pad8)'), ('/TECControl2', '/TECControl1'), ('GNDPWR', 'GNDPWR'), ('+12V', '+12V'), ('Net-(U201-FB{slash}VSET)', 'Net-(U501-FB{slash}VSET)'), ('Laser MOSFET Low', 'Laser MOSFET Low'), ('Net-(VR201-CW)', 'Net-(VR501-CW)'), ('Net-(Q201-G)', 'Net-(Q501-G)')]
03-21 16:58:51 root 337:updating GUI with: 0
03-21 16:58:51 com_github_MitjaNemec_ReplicateLayout.replicate_layout 983:Replicating tracks on sheet ['Laser Interface Sheet2']
03-21 16:58:51 com_github_MitjaNemec_ReplicateLayout.replicate_layout 766:Net pairs for sheet ['Laser Interface Sheet2'] :[('/TECControl2', '/TECControl3'), ('GNDA', 'GNDA'), ('Net-(D202-A)', 'Net-(D302-A)'), ('Net-(D201-K)', 'Net-(D301-K)'), ('Net-(U201-SS{slash}TR)', 'Net-(U301-SS{slash}TR)'), ('/LaserPow2+', '/LaserPow3+'), ('/LaserControl2', '/LaserControl3'), ('/TECPow2-', '/TECPow3-'), ('Net-(Q202-G)', 'Net-(Q302-G)'), ('Net-(U201-FB{slash}VSET)', 'Net-(U301-FB{slash}VSET)'), ('Net-(D203-A)', 'Net-(D303-A)'), ('Net-(Q201-G)', 'Net-(Q301-G)'), ('GNDPWR', 'GNDPWR'), ('+12V', '+12V'), ('Net-(D201-A)', 'Net-(D301-A)'), ('Net-(VR201-CW)', 'Net-(VR301-CW)'), ('Laser MOSFET Low', 'Laser MOSFET Low'), ('unconnected-(U201-SW{slash}NC-Pad8)', 'unconnected-(U301-SW{slash}NC-Pad8)'), ('/LaserPow2-', '/LaserPow3-')]
03-21 16:58:51 com_github_MitjaNemec_ReplicateLayout.replicate_layout 983:Replicating tracks on sheet ['Laser Interface Sheet3']
03-21 16:58:51 com_github_MitjaNemec_ReplicateLayout.replicate_layout 766:Net pairs for sheet ['Laser Interface Sheet3'] :[('/LaserPow2-', '/LaserPow4-'), ('Net-(D203-A)', 'Net-(D403-A)'), ('GNDA', 'GNDA'), ('/LaserPow2+', '/LaserPow4+'), ('Net-(U201-SS{slash}TR)', 'Net-(U401-SS{slash}TR)'), ('Net-(D201-K)', 'Net-(D401-K)'), ('/LaserControl2', '/LaserControl4'), ('/TECControl2', '/TECControl4'), ('Net-(VR201-CW)', 'Net-(VR401-CW)'), ('Net-(D201-A)', 'Net-(D401-A)'), ('/TECPow2-', '/TECPow4-'), ('Net-(U201-FB{slash}VSET)', 'Net-(U401-FB{slash}VSET)'), ('Net-(Q202-G)', 'Net-(Q402-G)'), ('unconnected-(U201-SW{slash}NC-Pad8)', 'unconnected-(U401-SW{slash}NC-Pad8)'), ('GNDPWR', 'GNDPWR'), ('+12V', '+12V'), ('Net-(D202-A)', 'Net-(D402-A)'), ('Laser MOSFET Low', 'Laser MOSFET Low'), ('Net-(Q201-G)', 'Net-(Q401-G)')]
03-21 16:58:51 root 337:updating GUI with: 67
03-21 16:58:51 root 332:updating GUI message: 'Replicating text'
03-21 16:58:51 com_github_MitjaNemec_ReplicateLayout.replicate_layout 1136:Replicating text
03-21 16:58:51 com_github_MitjaNemec_ReplicateLayout.replicate_layout 1143:Replicating text on sheet ['Laser Interface Sheet']
03-21 16:58:51 com_github_MitjaNemec_ReplicateLayout.replicate_layout 1143:Replicating text on sheet ['Laser Interface Sheet2']
03-21 16:58:51 com_github_MitjaNemec_ReplicateLayout.replicate_layout 1143:Replicating text on sheet ['Laser Interface Sheet3']
03-21 16:58:53 com_github_MitjaNemec_ReplicateLayout.action_replicate_layout 256:Replication complete
